  stdafx.cpp
  ProgrammingPractics.cpp
  Lab3.cpp
c:\users\ксения\source\repos\programmingpractics\programmingpractics\lab3.cpp(34): warning C4018: <: несоответствие типов со знаком и без знака
c:\users\ксения\source\repos\programmingpractics\programmingpractics\lab3.cpp(54): warning C4018: <: несоответствие типов со знаком и без знака
c:\users\ксения\source\repos\programmingpractics\programmingpractics\lab3.cpp(71): warning C4553: ==: оператор не имеет результата; возможно, имелся в виду "="
c:\users\ксения\source\repos\programmingpractics\programmingpractics\lab3.cpp(73): warning C4553: ==: оператор не имеет результата; возможно, имелся в виду "="
c:\users\ксения\source\repos\programmingpractics\programmingpractics\lab3.cpp(80): warning C4018: <: несоответствие типов со знаком и без знака
c:\users\ксения\source\repos\programmingpractics\programmingpractics\lab3.cpp(92): warning C4018: <: несоответствие типов со знаком и без знака
c:\users\ксения\source\repos\programmingpractics\programmingpractics\lab3.cpp(176): warning C4018: <: несоответствие типов со знаком и без знака
c:\users\ксения\source\repos\programmingpractics\programmingpractics\lab3.cpp(183): warning C4018: <: несоответствие типов со знаком и без знака
c:\users\ксения\source\repos\programmingpractics\programmingpractics\lab3.cpp(197): warning C4018: <: несоответствие типов со знаком и без знака
c:\users\ксения\source\repos\programmingpractics\programmingpractics\lab3.cpp(439): warning C4101: string: неиспользованная локальная переменная
  Lab2.cpp
  Lab1.cpp
c:\users\ксения\source\repos\programmingpractics\programmingpractics\lab1.cpp(144): warning C4244: =: преобразование "int" в "float", возможна потеря данных
c:\users\ксения\source\repos\programmingpractics\programmingpractics\lab1.cpp(146): warning C4244: =: преобразование "float" в "int", возможна потеря данных
c:\users\ксения\source\repos\programmingpractics\programmingpractics\lab1.cpp(149): warning C4244: =: преобразование "int" в "float", возможна потеря данных
  Создание кода...
  LINK : не найден или не выполнена сборка C:\Users\Ксения\source\repos\ProgrammingPractics\Debug\ProgrammingPractics.exe при последней инкрементной компоновке; выполняется полная компоновка
  ProgrammingPractics.vcxproj -> C:\Users\Ксения\source\repos\ProgrammingPractics\Debug\ProgrammingPractics.exe
